  CharClass.cpp
C:\Users\FORYOUCOM\Downloads\RECREATE-main\RECREATE-main\RE_CREATE\RE_CREATE\CharClass.h(77,52): warning C4305: '인수': 'double'에서 'float'(으)로 잘립니다.
  (소스 파일 'CharClass.cpp'을(를) 컴파일하는 중)
  
C:\Users\FORYOUCOM\Downloads\RECREATE-main\RECREATE-main\RE_CREATE\RE_CREATE\CharClass.h(77,46): warning C4305: '인수': 'double'에서 'float'(으)로 잘립니다.
  (소스 파일 'CharClass.cpp'을(를) 컴파일하는 중)
  
C:\Users\FORYOUCOM\Downloads\RECREATE-main\RECREATE-main\RE_CREATE\RE_CREATE\CharClass.h(109,18): warning C4244: '=': 'float'에서 'int'(으)로 변환하면서 데이터가 손실될 수 있습니다.
  (소스 파일 'CharClass.cpp'을(를) 컴파일하는 중)
  
C:\Users\FORYOUCOM\Downloads\RECREATE-main\RECREATE-main\RE_CREATE\RE_CREATE\CharClass.h(139,18): warning C4244: '=': 'float'에서 'int'(으)로 변환하면서 데이터가 손실될 수 있습니다.
  (소스 파일 'CharClass.cpp'을(를) 컴파일하는 중)
  
C:\Users\FORYOUCOM\Downloads\RECREATE-main\RECREATE-main\RE_CREATE\RE_CREATE\CharClass.h(169,18): warning C4244: '=': 'float'에서 'int'(으)로 변환하면서 데이터가 손실될 수 있습니다.
  (소스 파일 'CharClass.cpp'을(를) 컴파일하는 중)
  
C:\Users\FORYOUCOM\Downloads\RECREATE-main\RECREATE-main\RE_CREATE\RE_CREATE\CharClass.h(201,18): warning C4244: '=': 'float'에서 'int'(으)로 변환하면서 데이터가 손실될 수 있습니다.
  (소스 파일 'CharClass.cpp'을(를) 컴파일하는 중)
  
C:\Users\FORYOUCOM\Downloads\RECREATE-main\RECREATE-main\RE_CREATE\RE_CREATE\CharClass.h(241,18): warning C4244: '=': 'float'에서 'int'(으)로 변환하면서 데이터가 손실될 수 있습니다.
  (소스 파일 'CharClass.cpp'을(를) 컴파일하는 중)
  
C:\Users\FORYOUCOM\Downloads\RECREATE-main\RECREATE-main\RE_CREATE\RE_CREATE\CharClass.h(247,44): warning C4244: '인수': 'float'에서 'int'(으)로 변환하면서 데이터가 손실될 수 있습니다.
  (소스 파일 'CharClass.cpp'을(를) 컴파일하는 중)
  
C:\Users\FORYOUCOM\Downloads\RECREATE-main\RECREATE-main\RE_CREATE\RE_CREATE\CharClass.h(254,24): warning C4244: '인수': 'double'에서 'int'(으)로 변환하면서 데이터가 손실될 수 있습니다.
  (소스 파일 'CharClass.cpp'을(를) 컴파일하는 중)
  
C:\Users\FORYOUCOM\Downloads\RECREATE-main\RECREATE-main\RE_CREATE\RE_CREATE\CharClass.h(282,38): warning C4305: '인수': 'double'에서 'float'(으)로 잘립니다.
  (소스 파일 'CharClass.cpp'을(를) 컴파일하는 중)
  
C:\Users\FORYOUCOM\Downloads\RECREATE-main\RECREATE-main\RE_CREATE\RE_CREATE\CharClass.h(283,48): warning C4305: '인수': 'double'에서 'float'(으)로 잘립니다.
  (소스 파일 'CharClass.cpp'을(를) 컴파일하는 중)
  
C:\Users\FORYOUCOM\Downloads\RECREATE-main\RECREATE-main\RE_CREATE\RE_CREATE\CharClass.h(353,18): warning C4244: '=': 'float'에서 'int'(으)로 변환하면서 데이터가 손실될 수 있습니다.
  (소스 파일 'CharClass.cpp'을(를) 컴파일하는 중)
  
C:\Users\FORYOUCOM\Downloads\RECREATE-main\RECREATE-main\RE_CREATE\RE_CREATE\CharClass.h(391,18): warning C4244: '=': 'float'에서 'int'(으)로 변환하면서 데이터가 손실될 수 있습니다.
  (소스 파일 'CharClass.cpp'을(를) 컴파일하는 중)
  
C:\Users\FORYOUCOM\Downloads\RECREATE-main\RECREATE-main\RE_CREATE\RE_CREATE\CharClass.h(463,37): warning C4305: '인수': 'double'에서 'float'(으)로 잘립니다.
  (소스 파일 'CharClass.cpp'을(를) 컴파일하는 중)
  
C:\Users\FORYOUCOM\Downloads\RECREATE-main\RECREATE-main\RE_CREATE\RE_CREATE\CharClass.h(516,18): warning C4244: '=': 'float'에서 'int'(으)로 변환하면서 데이터가 손실될 수 있습니다.
  (소스 파일 'CharClass.cpp'을(를) 컴파일하는 중)
  
C:\Users\FORYOUCOM\Downloads\RECREATE-main\RECREATE-main\RE_CREATE\RE_CREATE\CharClass.h(570,18): warning C4244: '=': 'float'에서 'int'(으)로 변환하면서 데이터가 손실될 수 있습니다.
  (소스 파일 'CharClass.cpp'을(를) 컴파일하는 중)
  
C:\Users\FORYOUCOM\Downloads\RECREATE-main\RECREATE-main\RE_CREATE\RE_CREATE\CharClass.h(580,18): warning C4244: '=': 'float'에서 'int'(으)로 변환하면서 데이터가 손실될 수 있습니다.
  (소스 파일 'CharClass.cpp'을(를) 컴파일하는 중)
  
  Player.cpp
C:\Users\FORYOUCOM\Downloads\RECREATE-main\RECREATE-main\RE_CREATE\RE_CREATE\CharClass.h(77,52): warning C4305: '인수': 'double'에서 'float'(으)로 잘립니다.
  (소스 파일 'Player.cpp'을(를) 컴파일하는 중)
  
C:\Users\FORYOUCOM\Downloads\RECREATE-main\RECREATE-main\RE_CREATE\RE_CREATE\CharClass.h(77,46): warning C4305: '인수': 'double'에서 'float'(으)로 잘립니다.
  (소스 파일 'Player.cpp'을(를) 컴파일하는 중)
  
C:\Users\FORYOUCOM\Downloads\RECREATE-main\RECREATE-main\RE_CREATE\RE_CREATE\CharClass.h(109,18): warning C4244: '=': 'float'에서 'int'(으)로 변환하면서 데이터가 손실될 수 있습니다.
  (소스 파일 'Player.cpp'을(를) 컴파일하는 중)
  
C:\Users\FORYOUCOM\Downloads\RECREATE-main\RECREATE-main\RE_CREATE\RE_CREATE\CharClass.h(139,18): warning C4244: '=': 'float'에서 'int'(으)로 변환하면서 데이터가 손실될 수 있습니다.
  (소스 파일 'Player.cpp'을(를) 컴파일하는 중)
  
C:\Users\FORYOUCOM\Downloads\RECREATE-main\RECREATE-main\RE_CREATE\RE_CREATE\CharClass.h(169,18): warning C4244: '=': 'float'에서 'int'(으)로 변환하면서 데이터가 손실될 수 있습니다.
  (소스 파일 'Player.cpp'을(를) 컴파일하는 중)
  
C:\Users\FORYOUCOM\Downloads\RECREATE-main\RECREATE-main\RE_CREATE\RE_CREATE\CharClass.h(201,18): warning C4244: '=': 'float'에서 'int'(으)로 변환하면서 데이터가 손실될 수 있습니다.
  (소스 파일 'Player.cpp'을(를) 컴파일하는 중)
  
C:\Users\FORYOUCOM\Downloads\RECREATE-main\RECREATE-main\RE_CREATE\RE_CREATE\CharClass.h(241,18): warning C4244: '=': 'float'에서 'int'(으)로 변환하면서 데이터가 손실될 수 있습니다.
  (소스 파일 'Player.cpp'을(를) 컴파일하는 중)
  
C:\Users\FORYOUCOM\Downloads\RECREATE-main\RECREATE-main\RE_CREATE\RE_CREATE\CharClass.h(247,44): warning C4244: '인수': 'float'에서 'int'(으)로 변환하면서 데이터가 손실될 수 있습니다.
  (소스 파일 'Player.cpp'을(를) 컴파일하는 중)
  
C:\Users\FORYOUCOM\Downloads\RECREATE-main\RECREATE-main\RE_CREATE\RE_CREATE\CharClass.h(254,24): warning C4244: '인수': 'double'에서 'int'(으)로 변환하면서 데이터가 손실될 수 있습니다.
  (소스 파일 'Player.cpp'을(를) 컴파일하는 중)
  
C:\Users\FORYOUCOM\Downloads\RECREATE-main\RECREATE-main\RE_CREATE\RE_CREATE\CharClass.h(282,38): warning C4305: '인수': 'double'에서 'float'(으)로 잘립니다.
  (소스 파일 'Player.cpp'을(를) 컴파일하는 중)
  
C:\Users\FORYOUCOM\Downloads\RECREATE-main\RECREATE-main\RE_CREATE\RE_CREATE\CharClass.h(283,48): warning C4305: '인수': 'double'에서 'float'(으)로 잘립니다.
  (소스 파일 'Player.cpp'을(를) 컴파일하는 중)
  
C:\Users\FORYOUCOM\Downloads\RECREATE-main\RECREATE-main\RE_CREATE\RE_CREATE\CharClass.h(353,18): warning C4244: '=': 'float'에서 'int'(으)로 변환하면서 데이터가 손실될 수 있습니다.
  (소스 파일 'Player.cpp'을(를) 컴파일하는 중)
  
C:\Users\FORYOUCOM\Downloads\RECREATE-main\RECREATE-main\RE_CREATE\RE_CREATE\CharClass.h(391,18): warning C4244: '=': 'float'에서 'int'(으)로 변환하면서 데이터가 손실될 수 있습니다.
  (소스 파일 'Player.cpp'을(를) 컴파일하는 중)
  
C:\Users\FORYOUCOM\Downloads\RECREATE-main\RECREATE-main\RE_CREATE\RE_CREATE\CharClass.h(463,37): warning C4305: '인수': 'double'에서 'float'(으)로 잘립니다.
  (소스 파일 'Player.cpp'을(를) 컴파일하는 중)
  
C:\Users\FORYOUCOM\Downloads\RECREATE-main\RECREATE-main\RE_CREATE\RE_CREATE\CharClass.h(516,18): warning C4244: '=': 'float'에서 'int'(으)로 변환하면서 데이터가 손실될 수 있습니다.
  (소스 파일 'Player.cpp'을(를) 컴파일하는 중)
  
C:\Users\FORYOUCOM\Downloads\RECREATE-main\RECREATE-main\RE_CREATE\RE_CREATE\CharClass.h(570,18): warning C4244: '=': 'float'에서 'int'(으)로 변환하면서 데이터가 손실될 수 있습니다.
  (소스 파일 'Player.cpp'을(를) 컴파일하는 중)
  
C:\Users\FORYOUCOM\Downloads\RECREATE-main\RECREATE-main\RE_CREATE\RE_CREATE\CharClass.h(580,18): warning C4244: '=': 'float'에서 'int'(으)로 변환하면서 데이터가 손실될 수 있습니다.
  (소스 파일 'Player.cpp'을(를) 컴파일하는 중)
  
  Stage.cpp
C:\Users\FORYOUCOM\Downloads\RECREATE-main\RECREATE-main\RE_CREATE\RE_CREATE\CharClass.h(77,52): warning C4305: '인수': 'double'에서 'float'(으)로 잘립니다.
  (소스 파일 'Stage.cpp'을(를) 컴파일하는 중)
  
C:\Users\FORYOUCOM\Downloads\RECREATE-main\RECREATE-main\RE_CREATE\RE_CREATE\CharClass.h(77,46): warning C4305: '인수': 'double'에서 'float'(으)로 잘립니다.
  (소스 파일 'Stage.cpp'을(를) 컴파일하는 중)
  
C:\Users\FORYOUCOM\Downloads\RECREATE-main\RECREATE-main\RE_CREATE\RE_CREATE\CharClass.h(109,18): warning C4244: '=': 'float'에서 'int'(으)로 변환하면서 데이터가 손실될 수 있습니다.
  (소스 파일 'Stage.cpp'을(를) 컴파일하는 중)
  
C:\Users\FORYOUCOM\Downloads\RECREATE-main\RECREATE-main\RE_CREATE\RE_CREATE\CharClass.h(139,18): warning C4244: '=': 'float'에서 'int'(으)로 변환하면서 데이터가 손실될 수 있습니다.
  (소스 파일 'Stage.cpp'을(를) 컴파일하는 중)
  
C:\Users\FORYOUCOM\Downloads\RECREATE-main\RECREATE-main\RE_CREATE\RE_CREATE\CharClass.h(169,18): warning C4244: '=': 'float'에서 'int'(으)로 변환하면서 데이터가 손실될 수 있습니다.
  (소스 파일 'Stage.cpp'을(를) 컴파일하는 중)
  
C:\Users\FORYOUCOM\Downloads\RECREATE-main\RECREATE-main\RE_CREATE\RE_CREATE\CharClass.h(201,18): warning C4244: '=': 'float'에서 'int'(으)로 변환하면서 데이터가 손실될 수 있습니다.
  (소스 파일 'Stage.cpp'을(를) 컴파일하는 중)
  
C:\Users\FORYOUCOM\Downloads\RECREATE-main\RECREATE-main\RE_CREATE\RE_CREATE\CharClass.h(241,18): warning C4244: '=': 'float'에서 'int'(으)로 변환하면서 데이터가 손실될 수 있습니다.
  (소스 파일 'Stage.cpp'을(를) 컴파일하는 중)
  
C:\Users\FORYOUCOM\Downloads\RECREATE-main\RECREATE-main\RE_CREATE\RE_CREATE\CharClass.h(247,44): warning C4244: '인수': 'float'에서 'int'(으)로 변환하면서 데이터가 손실될 수 있습니다.
  (소스 파일 'Stage.cpp'을(를) 컴파일하는 중)
  
C:\Users\FORYOUCOM\Downloads\RECREATE-main\RECREATE-main\RE_CREATE\RE_CREATE\CharClass.h(254,24): warning C4244: '인수': 'double'에서 'int'(으)로 변환하면서 데이터가 손실될 수 있습니다.
  (소스 파일 'Stage.cpp'을(를) 컴파일하는 중)
  
C:\Users\FORYOUCOM\Downloads\RECREATE-main\RECREATE-main\RE_CREATE\RE_CREATE\CharClass.h(282,38): warning C4305: '인수': 'double'에서 'float'(으)로 잘립니다.
  (소스 파일 'Stage.cpp'을(를) 컴파일하는 중)
  
C:\Users\FORYOUCOM\Downloads\RECREATE-main\RECREATE-main\RE_CREATE\RE_CREATE\CharClass.h(283,48): warning C4305: '인수': 'double'에서 'float'(으)로 잘립니다.
  (소스 파일 'Stage.cpp'을(를) 컴파일하는 중)
  
C:\Users\FORYOUCOM\Downloads\RECREATE-main\RECREATE-main\RE_CREATE\RE_CREATE\CharClass.h(353,18): warning C4244: '=': 'float'에서 'int'(으)로 변환하면서 데이터가 손실될 수 있습니다.
  (소스 파일 'Stage.cpp'을(를) 컴파일하는 중)
  
C:\Users\FORYOUCOM\Downloads\RECREATE-main\RECREATE-main\RE_CREATE\RE_CREATE\CharClass.h(391,18): warning C4244: '=': 'float'에서 'int'(으)로 변환하면서 데이터가 손실될 수 있습니다.
  (소스 파일 'Stage.cpp'을(를) 컴파일하는 중)
  
C:\Users\FORYOUCOM\Downloads\RECREATE-main\RECREATE-main\RE_CREATE\RE_CREATE\CharClass.h(463,37): warning C4305: '인수': 'double'에서 'float'(으)로 잘립니다.
  (소스 파일 'Stage.cpp'을(를) 컴파일하는 중)
  
C:\Users\FORYOUCOM\Downloads\RECREATE-main\RECREATE-main\RE_CREATE\RE_CREATE\CharClass.h(516,18): warning C4244: '=': 'float'에서 'int'(으)로 변환하면서 데이터가 손실될 수 있습니다.
  (소스 파일 'Stage.cpp'을(를) 컴파일하는 중)
  
C:\Users\FORYOUCOM\Downloads\RECREATE-main\RECREATE-main\RE_CREATE\RE_CREATE\CharClass.h(570,18): warning C4244: '=': 'float'에서 'int'(으)로 변환하면서 데이터가 손실될 수 있습니다.
  (소스 파일 'Stage.cpp'을(를) 컴파일하는 중)
  
C:\Users\FORYOUCOM\Downloads\RECREATE-main\RECREATE-main\RE_CREATE\RE_CREATE\CharClass.h(580,18): warning C4244: '=': 'float'에서 'int'(으)로 변환하면서 데이터가 손실될 수 있습니다.
  (소스 파일 'Stage.cpp'을(를) 컴파일하는 중)
  
C:\Users\FORYOUCOM\Downloads\RECREATE-main\RECREATE-main\RE_CREATE\RE_CREATE\Monster.h(50,47): warning C4305: '인수': 'double'에서 'float'(으)로 잘립니다.
  (소스 파일 'Stage.cpp'을(를) 컴파일하는 중)
  
C:\Users\FORYOUCOM\Downloads\RECREATE-main\RECREATE-main\RE_CREATE\RE_CREATE\Monster.h(62,37): warning C4305: '인수': 'double'에서 'float'(으)로 잘립니다.
  (소스 파일 'Stage.cpp'을(를) 컴파일하는 중)
  
C:\Users\FORYOUCOM\Downloads\RECREATE-main\RECREATE-main\RE_CREATE\RE_CREATE\Monster.h(73,37): warning C4305: '인수': 'double'에서 'float'(으)로 잘립니다.
  (소스 파일 'Stage.cpp'을(를) 컴파일하는 중)
  
C:\Users\FORYOUCOM\Downloads\RECREATE-main\RECREATE-main\RE_CREATE\RE_CREATE\Monster.h(84,50): warning C4305: '인수': 'double'에서 'float'(으)로 잘립니다.
  (소스 파일 'Stage.cpp'을(를) 컴파일하는 중)
  
C:\Users\FORYOUCOM\Downloads\RECREATE-main\RECREATE-main\RE_CREATE\RE_CREATE\Monster.h(94,37): warning C4305: '인수': 'double'에서 'float'(으)로 잘립니다.
  (소스 파일 'Stage.cpp'을(를) 컴파일하는 중)
  
C:\Users\FORYOUCOM\Downloads\RECREATE-main\RECREATE-main\RE_CREATE\RE_CREATE\Monster.h(106,56): warning C4305: '인수': 'double'에서 'float'(으)로 잘립니다.
  (소스 파일 'Stage.cpp'을(를) 컴파일하는 중)
  
C:\Users\FORYOUCOM\Downloads\RECREATE-main\RECREATE-main\RE_CREATE\RE_CREATE\Monster.h(106,50): warning C4305: '인수': 'double'에서 'float'(으)로 잘립니다.
  (소스 파일 'Stage.cpp'을(를) 컴파일하는 중)
  
C:\Users\FORYOUCOM\Downloads\RECREATE-main\RECREATE-main\RE_CREATE\RE_CREATE\Monster.h(118,44): warning C4305: '인수': 'double'에서 'float'(으)로 잘립니다.
  (소스 파일 'Stage.cpp'을(를) 컴파일하는 중)
  
C:\Users\FORYOUCOM\Downloads\RECREATE-main\RECREATE-main\RE_CREATE\RE_CREATE\Stage.cpp(142,36): warning C4267: '=': 'size_t'에서 'int'(으)로 변환하면서 데이터가 손실될 수 있습니다.
C:\Users\FORYOUCOM\Downloads\RECREATE-main\RECREATE-main\RE_CREATE\RE_CREATE\Stage.cpp(191,32): warning C4244: '인수': 'float'에서 'int'(으)로 변환하면서 데이터가 손실될 수 있습니다.
  UI.cpp
C:\Users\FORYOUCOM\Downloads\RECREATE-main\RECREATE-main\RE_CREATE\RE_CREATE\CharClass.h(77,52): warning C4305: '인수': 'double'에서 'float'(으)로 잘립니다.
  (소스 파일 'UI.cpp'을(를) 컴파일하는 중)
  
C:\Users\FORYOUCOM\Downloads\RECREATE-main\RECREATE-main\RE_CREATE\RE_CREATE\CharClass.h(77,46): warning C4305: '인수': 'double'에서 'float'(으)로 잘립니다.
  (소스 파일 'UI.cpp'을(를) 컴파일하는 중)
  
C:\Users\FORYOUCOM\Downloads\RECREATE-main\RECREATE-main\RE_CREATE\RE_CREATE\CharClass.h(109,18): warning C4244: '=': 'float'에서 'int'(으)로 변환하면서 데이터가 손실될 수 있습니다.
  (소스 파일 'UI.cpp'을(를) 컴파일하는 중)
  
C:\Users\FORYOUCOM\Downloads\RECREATE-main\RECREATE-main\RE_CREATE\RE_CREATE\CharClass.h(139,18): warning C4244: '=': 'float'에서 'int'(으)로 변환하면서 데이터가 손실될 수 있습니다.
  (소스 파일 'UI.cpp'을(를) 컴파일하는 중)
  
C:\Users\FORYOUCOM\Downloads\RECREATE-main\RECREATE-main\RE_CREATE\RE_CREATE\CharClass.h(169,18): warning C4244: '=': 'float'에서 'int'(으)로 변환하면서 데이터가 손실될 수 있습니다.
  (소스 파일 'UI.cpp'을(를) 컴파일하는 중)
  
C:\Users\FORYOUCOM\Downloads\RECREATE-main\RECREATE-main\RE_CREATE\RE_CREATE\CharClass.h(201,18): warning C4244: '=': 'float'에서 'int'(으)로 변환하면서 데이터가 손실될 수 있습니다.
  (소스 파일 'UI.cpp'을(를) 컴파일하는 중)
  
C:\Users\FORYOUCOM\Downloads\RECREATE-main\RECREATE-main\RE_CREATE\RE_CREATE\CharClass.h(241,18): warning C4244: '=': 'float'에서 'int'(으)로 변환하면서 데이터가 손실될 수 있습니다.
  (소스 파일 'UI.cpp'을(를) 컴파일하는 중)
  
C:\Users\FORYOUCOM\Downloads\RECREATE-main\RECREATE-main\RE_CREATE\RE_CREATE\CharClass.h(247,44): warning C4244: '인수': 'float'에서 'int'(으)로 변환하면서 데이터가 손실될 수 있습니다.
  (소스 파일 'UI.cpp'을(를) 컴파일하는 중)
  
C:\Users\FORYOUCOM\Downloads\RECREATE-main\RECREATE-main\RE_CREATE\RE_CREATE\CharClass.h(254,24): warning C4244: '인수': 'double'에서 'int'(으)로 변환하면서 데이터가 손실될 수 있습니다.
  (소스 파일 'UI.cpp'을(를) 컴파일하는 중)
  
C:\Users\FORYOUCOM\Downloads\RECREATE-main\RECREATE-main\RE_CREATE\RE_CREATE\CharClass.h(282,38): warning C4305: '인수': 'double'에서 'float'(으)로 잘립니다.
  (소스 파일 'UI.cpp'을(를) 컴파일하는 중)
  
C:\Users\FORYOUCOM\Downloads\RECREATE-main\RECREATE-main\RE_CREATE\RE_CREATE\CharClass.h(283,48): warning C4305: '인수': 'double'에서 'float'(으)로 잘립니다.
  (소스 파일 'UI.cpp'을(를) 컴파일하는 중)
  
C:\Users\FORYOUCOM\Downloads\RECREATE-main\RECREATE-main\RE_CREATE\RE_CREATE\CharClass.h(353,18): warning C4244: '=': 'float'에서 'int'(으)로 변환하면서 데이터가 손실될 수 있습니다.
  (소스 파일 'UI.cpp'을(를) 컴파일하는 중)
  
C:\Users\FORYOUCOM\Downloads\RECREATE-main\RECREATE-main\RE_CREATE\RE_CREATE\CharClass.h(391,18): warning C4244: '=': 'float'에서 'int'(으)로 변환하면서 데이터가 손실될 수 있습니다.
  (소스 파일 'UI.cpp'을(를) 컴파일하는 중)
  
C:\Users\FORYOUCOM\Downloads\RECREATE-main\RECREATE-main\RE_CREATE\RE_CREATE\CharClass.h(463,37): warning C4305: '인수': 'double'에서 'float'(으)로 잘립니다.
  (소스 파일 'UI.cpp'을(를) 컴파일하는 중)
  
C:\Users\FORYOUCOM\Downloads\RECREATE-main\RECREATE-main\RE_CREATE\RE_CREATE\CharClass.h(516,18): warning C4244: '=': 'float'에서 'int'(으)로 변환하면서 데이터가 손실될 수 있습니다.
  (소스 파일 'UI.cpp'을(를) 컴파일하는 중)
  
C:\Users\FORYOUCOM\Downloads\RECREATE-main\RECREATE-main\RE_CREATE\RE_CREATE\CharClass.h(570,18): warning C4244: '=': 'float'에서 'int'(으)로 변환하면서 데이터가 손실될 수 있습니다.
  (소스 파일 'UI.cpp'을(를) 컴파일하는 중)
  
C:\Users\FORYOUCOM\Downloads\RECREATE-main\RECREATE-main\RE_CREATE\RE_CREATE\CharClass.h(580,18): warning C4244: '=': 'float'에서 'int'(으)로 변환하면서 데이터가 손실될 수 있습니다.
  (소스 파일 'UI.cpp'을(를) 컴파일하는 중)
  
C:\Users\FORYOUCOM\Downloads\RECREATE-main\RECREATE-main\RE_CREATE\RE_CREATE\Monster.h(50,47): warning C4305: '인수': 'double'에서 'float'(으)로 잘립니다.
  (소스 파일 'UI.cpp'을(를) 컴파일하는 중)
  
C:\Users\FORYOUCOM\Downloads\RECREATE-main\RECREATE-main\RE_CREATE\RE_CREATE\Monster.h(62,37): warning C4305: '인수': 'double'에서 'float'(으)로 잘립니다.
  (소스 파일 'UI.cpp'을(를) 컴파일하는 중)
  
C:\Users\FORYOUCOM\Downloads\RECREATE-main\RECREATE-main\RE_CREATE\RE_CREATE\Monster.h(73,37): warning C4305: '인수': 'double'에서 'float'(으)로 잘립니다.
  (소스 파일 'UI.cpp'을(를) 컴파일하는 중)
  
C:\Users\FORYOUCOM\Downloads\RECREATE-main\RECREATE-main\RE_CREATE\RE_CREATE\Monster.h(84,50): warning C4305: '인수': 'double'에서 'float'(으)로 잘립니다.
  (소스 파일 'UI.cpp'을(를) 컴파일하는 중)
  
C:\Users\FORYOUCOM\Downloads\RECREATE-main\RECREATE-main\RE_CREATE\RE_CREATE\Monster.h(94,37): warning C4305: '인수': 'double'에서 'float'(으)로 잘립니다.
  (소스 파일 'UI.cpp'을(를) 컴파일하는 중)
  
C:\Users\FORYOUCOM\Downloads\RECREATE-main\RECREATE-main\RE_CREATE\RE_CREATE\Monster.h(106,56): warning C4305: '인수': 'double'에서 'float'(으)로 잘립니다.
  (소스 파일 'UI.cpp'을(를) 컴파일하는 중)
  
C:\Users\FORYOUCOM\Downloads\RECREATE-main\RECREATE-main\RE_CREATE\RE_CREATE\Monster.h(106,50): warning C4305: '인수': 'double'에서 'float'(으)로 잘립니다.
  (소스 파일 'UI.cpp'을(를) 컴파일하는 중)
  
C:\Users\FORYOUCOM\Downloads\RECREATE-main\RECREATE-main\RE_CREATE\RE_CREATE\Monster.h(118,44): warning C4305: '인수': 'double'에서 'float'(으)로 잘립니다.
  (소스 파일 'UI.cpp'을(를) 컴파일하는 중)
  
  main.cpp
C:\Users\FORYOUCOM\Downloads\RECREATE-main\RECREATE-main\RE_CREATE\RE_CREATE\CharClass.h(77,52): warning C4305: '인수': 'double'에서 'float'(으)로 잘립니다.
  (소스 파일 'main.cpp'을(를) 컴파일하는 중)
  
C:\Users\FORYOUCOM\Downloads\RECREATE-main\RECREATE-main\RE_CREATE\RE_CREATE\CharClass.h(77,46): warning C4305: '인수': 'double'에서 'float'(으)로 잘립니다.
  (소스 파일 'main.cpp'을(를) 컴파일하는 중)
  
C:\Users\FORYOUCOM\Downloads\RECREATE-main\RECREATE-main\RE_CREATE\RE_CREATE\CharClass.h(109,18): warning C4244: '=': 'float'에서 'int'(으)로 변환하면서 데이터가 손실될 수 있습니다.
  (소스 파일 'main.cpp'을(를) 컴파일하는 중)
  
C:\Users\FORYOUCOM\Downloads\RECREATE-main\RECREATE-main\RE_CREATE\RE_CREATE\CharClass.h(139,18): warning C4244: '=': 'float'에서 'int'(으)로 변환하면서 데이터가 손실될 수 있습니다.
  (소스 파일 'main.cpp'을(를) 컴파일하는 중)
  
C:\Users\FORYOUCOM\Downloads\RECREATE-main\RECREATE-main\RE_CREATE\RE_CREATE\CharClass.h(169,18): warning C4244: '=': 'float'에서 'int'(으)로 변환하면서 데이터가 손실될 수 있습니다.
  (소스 파일 'main.cpp'을(를) 컴파일하는 중)
  
C:\Users\FORYOUCOM\Downloads\RECREATE-main\RECREATE-main\RE_CREATE\RE_CREATE\CharClass.h(201,18): warning C4244: '=': 'float'에서 'int'(으)로 변환하면서 데이터가 손실될 수 있습니다.
  (소스 파일 'main.cpp'을(를) 컴파일하는 중)
  
C:\Users\FORYOUCOM\Downloads\RECREATE-main\RECREATE-main\RE_CREATE\RE_CREATE\CharClass.h(241,18): warning C4244: '=': 'float'에서 'int'(으)로 변환하면서 데이터가 손실될 수 있습니다.
  (소스 파일 'main.cpp'을(를) 컴파일하는 중)
  
C:\Users\FORYOUCOM\Downloads\RECREATE-main\RECREATE-main\RE_CREATE\RE_CREATE\CharClass.h(247,44): warning C4244: '인수': 'float'에서 'int'(으)로 변환하면서 데이터가 손실될 수 있습니다.
  (소스 파일 'main.cpp'을(를) 컴파일하는 중)
  
C:\Users\FORYOUCOM\Downloads\RECREATE-main\RECREATE-main\RE_CREATE\RE_CREATE\CharClass.h(254,24): warning C4244: '인수': 'double'에서 'int'(으)로 변환하면서 데이터가 손실될 수 있습니다.
  (소스 파일 'main.cpp'을(를) 컴파일하는 중)
  
C:\Users\FORYOUCOM\Downloads\RECREATE-main\RECREATE-main\RE_CREATE\RE_CREATE\CharClass.h(282,38): warning C4305: '인수': 'double'에서 'float'(으)로 잘립니다.
  (소스 파일 'main.cpp'을(를) 컴파일하는 중)
  
C:\Users\FORYOUCOM\Downloads\RECREATE-main\RECREATE-main\RE_CREATE\RE_CREATE\CharClass.h(283,48): warning C4305: '인수': 'double'에서 'float'(으)로 잘립니다.
  (소스 파일 'main.cpp'을(를) 컴파일하는 중)
  
C:\Users\FORYOUCOM\Downloads\RECREATE-main\RECREATE-main\RE_CREATE\RE_CREATE\CharClass.h(353,18): warning C4244: '=': 'float'에서 'int'(으)로 변환하면서 데이터가 손실될 수 있습니다.
  (소스 파일 'main.cpp'을(를) 컴파일하는 중)
  
C:\Users\FORYOUCOM\Downloads\RECREATE-main\RECREATE-main\RE_CREATE\RE_CREATE\CharClass.h(391,18): warning C4244: '=': 'float'에서 'int'(으)로 변환하면서 데이터가 손실될 수 있습니다.
  (소스 파일 'main.cpp'을(를) 컴파일하는 중)
  
C:\Users\FORYOUCOM\Downloads\RECREATE-main\RECREATE-main\RE_CREATE\RE_CREATE\CharClass.h(463,37): warning C4305: '인수': 'double'에서 'float'(으)로 잘립니다.
  (소스 파일 'main.cpp'을(를) 컴파일하는 중)
  
C:\Users\FORYOUCOM\Downloads\RECREATE-main\RECREATE-main\RE_CREATE\RE_CREATE\CharClass.h(516,18): warning C4244: '=': 'float'에서 'int'(으)로 변환하면서 데이터가 손실될 수 있습니다.
  (소스 파일 'main.cpp'을(를) 컴파일하는 중)
  
C:\Users\FORYOUCOM\Downloads\RECREATE-main\RECREATE-main\RE_CREATE\RE_CREATE\CharClass.h(570,18): warning C4244: '=': 'float'에서 'int'(으)로 변환하면서 데이터가 손실될 수 있습니다.
  (소스 파일 'main.cpp'을(를) 컴파일하는 중)
  
C:\Users\FORYOUCOM\Downloads\RECREATE-main\RECREATE-main\RE_CREATE\RE_CREATE\CharClass.h(580,18): warning C4244: '=': 'float'에서 'int'(으)로 변환하면서 데이터가 손실될 수 있습니다.
  (소스 파일 'main.cpp'을(를) 컴파일하는 중)
  
C:\Users\FORYOUCOM\Downloads\RECREATE-main\RECREATE-main\RE_CREATE\RE_CREATE\Monster.h(50,47): warning C4305: '인수': 'double'에서 'float'(으)로 잘립니다.
  (소스 파일 'main.cpp'을(를) 컴파일하는 중)
  
C:\Users\FORYOUCOM\Downloads\RECREATE-main\RECREATE-main\RE_CREATE\RE_CREATE\Monster.h(62,37): warning C4305: '인수': 'double'에서 'float'(으)로 잘립니다.
  (소스 파일 'main.cpp'을(를) 컴파일하는 중)
  
C:\Users\FORYOUCOM\Downloads\RECREATE-main\RECREATE-main\RE_CREATE\RE_CREATE\Monster.h(73,37): warning C4305: '인수': 'double'에서 'float'(으)로 잘립니다.
  (소스 파일 'main.cpp'을(를) 컴파일하는 중)
  
C:\Users\FORYOUCOM\Downloads\RECREATE-main\RECREATE-main\RE_CREATE\RE_CREATE\Monster.h(84,50): warning C4305: '인수': 'double'에서 'float'(으)로 잘립니다.
  (소스 파일 'main.cpp'을(를) 컴파일하는 중)
  
C:\Users\FORYOUCOM\Downloads\RECREATE-main\RECREATE-main\RE_CREATE\RE_CREATE\Monster.h(94,37): warning C4305: '인수': 'double'에서 'float'(으)로 잘립니다.
  (소스 파일 'main.cpp'을(를) 컴파일하는 중)
  
C:\Users\FORYOUCOM\Downloads\RECREATE-main\RECREATE-main\RE_CREATE\RE_CREATE\Monster.h(106,56): warning C4305: '인수': 'double'에서 'float'(으)로 잘립니다.
  (소스 파일 'main.cpp'을(를) 컴파일하는 중)
  
C:\Users\FORYOUCOM\Downloads\RECREATE-main\RECREATE-main\RE_CREATE\RE_CREATE\Monster.h(106,50): warning C4305: '인수': 'double'에서 'float'(으)로 잘립니다.
  (소스 파일 'main.cpp'을(를) 컴파일하는 중)
  
C:\Users\FORYOUCOM\Downloads\RECREATE-main\RECREATE-main\RE_CREATE\RE_CREATE\Monster.h(118,44): warning C4305: '인수': 'double'에서 'float'(으)로 잘립니다.
  (소스 파일 'main.cpp'을(를) 컴파일하는 중)
  
  코드를 생성하고 있습니다...
  RE_CREATE.vcxproj -> C:\Users\FORYOUCOM\Downloads\RECREATE-main\RECREATE-main\RE_CREATE\x64\Debug\RE_CREATE.exe
